======================================
Update started at: Thu Nov 27 16:27:02 CST 2025
======================================
============================================================
DAILY CVE DATABASE UPDATE
Started at: 2025-11-27 16:27:04
============================================================
Last update was: 2025-11-27T16:09:53.000

============================================================
Fetching modified CVEs
From: 2025-11-27T16:09:53.000
To:   2025-11-27T16:27:04.000
============================================================
Fetched 3 CVEs | Total: 3/3
✓ Total CVEs fetched: 3

Converting 3 CVEs to documents...
✓ Converted 3 documents

Initializing embeddings...

Updating vector store...

Loading existing vector store...
Processing updates...
  Update complete!
  New CVEs added: 3
  Existing CVEs updated: 0
  Total processed: 3
✓ Saved update timestamp: 2025-11-27T16:27:04.000

============================================================
UPDATE COMPLETE!
Time taken: 0m 6s
Finished at: 2025-11-27 16:27:11
============================================================
✓ Update completed successfully at: Thu Nov 27 16:27:12 CST 2025

